Running: C:\Xilinx\14.7\ISE_DS\ISE\bin\nt64\unwrapped\fuse.exe -intstyle ise -incremental -o D:/236182/Lab_5/SUM4B/SUM4B_Test_isim_beh.exe -prj D:/236182/Lab_5/SUM4B/SUM4B_Test_beh.prj work.SUM4B_Test 
ISim P.20131013 (signature 0x7708f090)
Number of CPUs detected in this system: 4
Turning on mult-threading, number of parallel sub-compilation jobs: 8 
Determining compilation order of HDL files
Parsing VHDL file "D:/236182/Lab_5/SUM4B/SUM1B.vhd" into library work
Parsing VHDL file "D:/236182/Lab_5/SUM4B/SUM4B.vhd" into library work
Parsing VHDL file "D:/236182/Lab_5/SUM4B/SUM4B_Test.vhd" into library work
Starting static elaboration
Completed static elaboration
Compiling package standard
Compiling package std_logic_1164
Compiling architecture behavioral of entity SUM1B [sum1b_default]
Compiling architecture behavioral of entity SUM4B [sum4b_default]
Compiling architecture behavior of entity sum4b_test
Time Resolution for simulation is 1ps.
Waiting for 1 sub-compilation(s) to finish...
Compiled 7 VHDL Units
Built simulation executable D:/236182/Lab_5/SUM4B/SUM4B_Test_isim_beh.exe
Fuse Memory Usage: 29348 KB
Fuse CPU Usage: 296 ms
