Running: C:\Xilinx\14.7\ISE_DS\ISE\bin\nt64\unwrapped\fuse.exe -intstyle ise -incremental -o D:/236182/Lab_7/Licznik/Licznik_test_isim_beh.exe -prj D:/236182/Lab_7/Licznik/Licznik_test_beh.prj work.Licznik_test 
ISim P.20131013 (signature 0x7708f090)
Number of CPUs detected in this system: 4
Turning on mult-threading, number of parallel sub-compilation jobs: 8 
Determining compilation order of HDL files
Parsing VHDL file "D:/236182/Lab_7/Licznik/Przerzutnik_D.vhd" into library work
Parsing VHDL file "D:/236182/Lab_7/Licznik/Licznik_test.vhd" into library work
Starting static elaboration
Completed static elaboration
Compiling package standard
Compiling package std_logic_1164
Compiling package std_logic_arith
Compiling package std_logic_unsigned
Compiling architecture behavioral of entity Przerzutnik_D [przerzutnik_d_default]
Compiling architecture behavior of entity licznik_test
Time Resolution for simulation is 1ps.
Compiled 7 VHDL Units
Built simulation executable D:/236182/Lab_7/Licznik/Licznik_test_isim_beh.exe
Fuse Memory Usage: 33612 KB
Fuse CPU Usage: 326 ms
