Running: C:\Xilinx\14.7\ISE_DS\ISE\bin\nt64\unwrapped\fuse.exe -intstyle ise -incremental -o C:/Users/Damian Bigajczyk/Desktop/WorkSpace/FPGA/Counter/Counter/Counter_Test_isim_beh.exe -prj C:/Users/Damian Bigajczyk/Desktop/WorkSpace/FPGA/Counter/Counter/Counter_Test_beh.prj work.Counter_Test 
ISim P.20131013 (signature 0x7708f090)
Number of CPUs detected in this system: 4
Turning on mult-threading, number of parallel sub-compilation jobs: 8 
Determining compilation order of HDL files
Parsing VHDL file "C:/Users/Damian Bigajczyk/Desktop/WorkSpace/FPGA/Counter/Counter/Counter.vhd" into library work
Parsing VHDL file "C:/Users/Damian Bigajczyk/Desktop/WorkSpace/FPGA/Counter/Counter/Counter_Test.vhd" into library work
Starting static elaboration
Completed static elaboration
Compiling package standard
Compiling package std_logic_1164
Compiling package std_logic_arith
Compiling package std_logic_unsigned
Compiling architecture behavioral of entity Counter [counter_default]
Compiling architecture behavior of entity counter_test
Time Resolution for simulation is 1ps.
Waiting for 1 sub-compilation(s) to finish...
Compiled 7 VHDL Units
Built simulation executable C:/Users/Damian Bigajczyk/Desktop/WorkSpace/FPGA/Counter/Counter/Counter_Test_isim_beh.exe
Fuse Memory Usage: 33744 KB
Fuse CPU Usage: 515 ms
