Release 14.7 - xst P.20131013 (nt64)
Copyright (c) 1995-2013 Xilinx, Inc.  All rights reserved.
--> Parameter TMPDIR set to xst/projnav.tmp


Total REAL time to Xst completion: 0.00 secs
Total CPU time to Xst completion: 0.14 secs
 
--> Parameter xsthdpdir set to xst


Total REAL time to Xst completion: 0.00 secs
Total CPU time to Xst completion: 0.14 secs
 
--> Reading design: MUL4x4.prj

TABLE OF CONTENTS
  1) Synthesis Options Summary
  2) HDL Compilation
  3) Design Hierarchy Analysis
  4) HDL Analysis
  5) HDL Synthesis
     5.1) HDL Synthesis Report
  6) Advanced HDL Synthesis
     6.1) Advanced HDL Synthesis Report
  7) Low Level Synthesis
  8) Partition Report
  9) Final Report

=========================================================================
*                      Synthesis Options Summary                        *
=========================================================================
---- Source Parameters
Input File Name                    : "MUL4x4.prj"
Input Format                       : mixed
Ignore Synthesis Constraint File   : NO

---- Target Parameters
Output File Name                   : "MUL4x4"
Output Format                      : NGC
Target Device                      : XC9500 CPLDs

---- Source Options
Top Module Name                    : MUL4x4
Automatic FSM Extraction           : YES
FSM Encoding Algorithm             : Auto
Safe Implementation                : No
Mux Extraction                     : Yes
Resource Sharing                   : YES

---- Target Options
Add IO Buffers                     : YES
MACRO Preserve                     : YES
XOR Preserve                       : YES
Equivalent register Removal        : YES

---- General Options
Optimization Goal                  : Speed
Optimization Effort                : 1
Keep Hierarchy                     : Yes
Netlist Hierarchy                  : As_Optimized
RTL Output                         : Yes
Hierarchy Separator                : /
Bus Delimiter                      : <>
Case Specifier                     : Maintain
Verilog 2001                       : YES

---- Other Options
wysiwyg                            : NO

=========================================================================


=========================================================================
*                          HDL Compilation                              *
=========================================================================
Compiling vhdl file "C:/Users/Damian Bigajczyk/Desktop/WorkSpace/FPGA/MUL4x4/SUM1B.vhd" in Library work.
Architecture behavioral of Entity sum1b is up to date.
Compiling vhdl file "C:/Users/Damian Bigajczyk/Desktop/WorkSpace/FPGA/MUL4x4/SUM8B.vhd" in Library work.
Architecture behavioral of Entity sum8b is up to date.
Compiling vhdl file "C:/Users/Damian Bigajczyk/Desktop/WorkSpace/FPGA/MUL4x4/MUL4x4.vhd" in Library work.
Entity <mul4x4> compiled.
Entity <mul4x4> (Architecture <behavioral>) compiled.

=========================================================================
*                     Design Hierarchy Analysis                         *
=========================================================================
Analyzing hierarchy for entity <MUL4x4> in library <work> (architecture <behavioral>).

Analyzing hierarchy for entity <SUM8B> in library <work> (architecture <behavioral>).

Analyzing hierarchy for entity <SUM1B> in library <work> (architecture <behavioral>).


=========================================================================
*                            HDL Analysis                               *
=========================================================================
Analyzing Entity <MUL4x4> in library <work> (Architecture <behavioral>).
Entity <MUL4x4> analyzed. Unit <MUL4x4> generated.

Analyzing Entity <SUM8B> in library <work> (Architecture <behavioral>).
Entity <SUM8B> analyzed. Unit <SUM8B> generated.

Analyzing Entity <SUM1B> in library <work> (Architecture <behavioral>).
Entity <SUM1B> analyzed. Unit <SUM1B> generated.


=========================================================================
*                           HDL Synthesis                               *
=========================================================================

Performing bidirectional port resolution...

Synthesizing Unit <SUM1B>.
    Related source file is "C:/Users/Damian Bigajczyk/Desktop/WorkSpace/FPGA/MUL4x4/SUM1B.vhd".
    Found 1-bit xor3 for signal <y>.
Unit <SUM1B> synthesized.


Synthesizing Unit <SUM8B>.
    Related source file is "C:/Users/Damian Bigajczyk/Desktop/WorkSpace/FPGA/MUL4x4/SUM8B.vhd".
Unit <SUM8B> synthesized.


Synthesizing Unit <MUL4x4>.
    Related source file is "C:/Users/Damian Bigajczyk/Desktop/WorkSpace/FPGA/MUL4x4/MUL4x4.vhd".
WARNING:Xst:646 - Signal <C> is assigned but never used. This unconnected signal will be trimmed during the optimization process.
Unit <MUL4x4> synthesized.


=========================================================================
HDL Synthesis Report

Macro Statistics
# Xors                                                 : 24
 1-bit xor3                                            : 24

=========================================================================

=========================================================================
*                       Advanced HDL Synthesis                          *
=========================================================================

WARNING:Xst:1290 - Hierarchical block <S6> is unconnected in block <S0>.
   It will be removed from the design.
WARNING:Xst:1290 - Hierarchical block <S7> is unconnected in block <S0>.
   It will be removed from the design.
WARNING:Xst:1290 - Hierarchical block <S7> is unconnected in block <S1>.
   It will be removed from the design.

=========================================================================
Advanced HDL Synthesis Report

Macro Statistics
# Xors                                                 : 24
 1-bit xor3                                            : 24

=========================================================================

=========================================================================
*                         Low Level Synthesis                           *
=========================================================================

Optimizing unit <MUL4x4> ...

Optimizing unit <SUM1B> ...

Optimizing unit <SUM8B> ...
WARNING:Xst:1290 - Hierarchical block <S7> is unconnected in block <S1>.
   It will be removed from the design.
WARNING:Xst:1290 - Hierarchical block <S7> is unconnected in block <S0>.
   It will be removed from the design.
WARNING:Xst:1290 - Hierarchical block <S6> is unconnected in block <S0>.
   It will be removed from the design.

=========================================================================
*                           Partition Report                            *
=========================================================================

Partition Implementation Status
-------------------------------

  No Partitions were found in this design.

-------------------------------

=========================================================================
*                            Final Report                               *
=========================================================================
Final Results
RTL Top Level Output File Name     : MUL4x4.ngr
Top Level Output File Name         : MUL4x4
Output Format                      : NGC
Optimization Goal                  : Speed
Keep Hierarchy                     : Yes
Target Technology                  : XC9500 CPLDs
Macro Preserve                     : YES
XOR Preserve                       : YES
wysiwyg                            : NO

Design Statistics
# IOs                              : 16

Cell Usage :
# BELS                             : 88
#      AND2                        : 44
#      INV                         : 8
#      OR2                         : 16
#      XOR2                        : 20
# IO Buffers                       : 16
#      IBUF                        : 8
#      OBUF                        : 8
=========================================================================


Total REAL time to Xst completion: 5.00 secs
Total CPU time to Xst completion: 4.94 secs
 
--> 

Total memory usage is 4518300 kilobytes

Number of errors   :    0 (   0 filtered)
Number of warnings :    7 (   0 filtered)
Number of infos    :    0 (   0 filtered)

